<?xml version="1.0" encoding="UTF-8" ?>
<testsuites>
 <testsuite name="Demo" timestamp="2016-03-11T13:20:44" hostname="localhost" time="0.005" errors="0" tests="1" skipped="0" disabled="0" failures="1">
  <testcase classname="Demo" name="should be defined" time="0.003">
   <failure type="toBeUndefined" message="Expected Demo({  }) to be undefined."><![CDATA[Error: Expected Demo({  }) to be undefined.
    at stack (C:\WORKSPACES\MAJABEE\mazine\evaluation\node_modules\jasmine-core\lib\jasmine-core\jasmine.js:1577:17)
    at buildExpectationResult (C:\WORKSPACES\MAJABEE\mazine\evaluation\node_modules\jasmine-core\lib\jasmine-core\jasmine.js:1547:14)
    at Spec.Env.expectationResultFactory (C:\WORKSPACES\MAJABEE\mazine\evaluation\node_modules\jasmine-core\lib\jasmine-core\jasmine.js:638:18)
    at Spec.addExpectationResult (C:\WORKSPACES\MAJABEE\mazine\evaluation\node_modules\jasmine-core\lib\jasmine-core\jasmine.js:330:34)
    at Expectation.addExpectationResult (C:\WORKSPACES\MAJABEE\mazine\evaluation\node_modules\jasmine-core\lib\jasmine-core\jasmine.js:588:21)
    at Expectation.toBeUndefined (C:\WORKSPACES\MAJABEE\mazine\evaluation\node_modules\jasmine-core\lib\jasmine-core\jasmine.js:1501:12)
    at Object.<anonymous> (C:\WORKSPACES\MAJABEE\mazine\evaluation\dist\demo.domain.spec.js:16:22)
    at attemptSync (C:\WORKSPACES\MAJABEE\mazine\evaluation\node_modules\jasmine-core\lib\jasmine-core\jasmine.js:1886:24)
    at QueueRunner.run (C:\WORKSPACES\MAJABEE\mazine\evaluation\node_modules\jasmine-core\lib\jasmine-core\jasmine.js:1874:9)
    at QueueRunner.execute (C:\WORKSPACES\MAJABEE\mazine\evaluation\node_modules\jasmine-core\lib\jasmine-core\jasmine.js:1859:10)]]>
   </failure>
  </testcase>
 </testsuite>
</testsuites>